Arguments: 
  /usr/bin/node /usr/bin/yarn init

PATH: 
  /home/lucianoleao/.cargo/bin:/home/lucianoleao/.local/bin:/usr/local/bin:/usr/bin:/var/lib/snapd/snap/bin:/usr/local/sbin:/usr/lib/jvm/default/bin:/usr/bin/site_perl:/usr/bin/vendor_perl:/usr/bin/core_perl

Yarn version: 
  1.22.19

Node version: 
  14.21.3

Platform: 
  linux x64

Trace: 
  Error: canceled
      at Interface.<anonymous> (/usr/lib/node_modules/yarn/lib/cli.js:137150:13)
      at Interface.emit (events.js:400:28)
      at Interface._ttyWrite (readline.js:1001:16)
      at ReadStream.onkeypress (readline.js:265:10)
      at ReadStream.emit (events.js:400:28)
      at emitKeys (internal/readline/utils.js:358:14)
      at emitKeys.next (<anonymous>)
      at ReadStream.onData (readline.js:1270:36)
      at ReadStream.emit (events.js:400:28)
      at addChunk (internal/streams/readable.js:293:12)

npm manifest: 
  {
    "name": "mongoose-express-ts",
    "version": "1.0.0",
    "description": "Mongoose Node.js Express TypeScript application boilerplate with best practices for API development.",
    "author": "Paul Cham",
    "license": "MIT",
    "scripts": {
      "tsc": "tsc",
      "watch-tsc": "tsc -w",
      "deploy": "node dist/src/server.js",
      "watch-deploy": "nodemon dist/src/server.js",
      "server": "concurrently \"npm run watch-tsc\" \"npm run watch-deploy\"",
      "start": "npm run deploy",
      "heroku-postbuild": "npm run tsc"
    },
    "dependencies": {
      "bcryptjs": "^2.4.3",
      "config": "^3.3.8",
      "express": "^4.18.2",
      "express-validator": "^6.14.2",
      "gravatar": "^1.8.2",
      "http-status-codes": "^2.2.0",
      "jsonwebtoken": "^8.5.1",
      "mongoose": "^6.6.5",
      "request": "^2.88.2",
      "typescript": "^4.8.4"
    },
    "devDependencies": {
      "@types/bcryptjs": "^2.4.2",
      "@types/config": "3.3.0",
      "@types/express": "^4.17.14",
      "@types/gravatar": "^1.8.3",
      "@types/jsonwebtoken": "^8.5.9",
      "@types/mongoose": "^5.11.97",
      "concurrently": "^7.4.0",
      "nodemon": "^2.0.20"
    }
  }

yarn manifest: 
  No manifest

Lockfile: 
  No lockfile
